<?xml version="1.0" encoding="utf-8"?><testsuites name="pytest tests"><testsuite name="pytest" errors="0" failures="0" skipped="0" tests="43" time="0.030" timestamp="2026-08-11T20:12:48.779304+09:00" hostname="MacBook-Pro-2.local"><testcase classname="tests.test_synthesis" name="test_support_tokens_filters_stopwords" time="0.000" /><testcase classname="tests.test_synthesis" name="test_support_tokens_keeps_content_words" time="0.000" /><testcase classname="tests.test_synthesis" name="test_support_tokens_keeps_digit_tokens" time="0.000" /><testcase classname="tests.test_synthesis" name="test_support_tokens_drops_short_non_digit_tokens" time="0.000" /><testcase classname="tests.test_synthesis" name="test_support_tokens_is_case_insensitive" time="0.000" /><testcase classname="tests.test_synthesis" name="test_support_tokens_empty_string_returns_empty_set" time="0.000" /><testcase classname="tests.test_synthesis" name="test_weak_boundary_e002_only_with_english_caused" time="0.000" /><testcase classname="tests.test_synthesis" name="test_weak_boundary_e002_only_with_english_cause" time="0.000" /><testcase classname="tests.test_synthesis" name="test_weak_boundary_e002_only_with_korean_cause_token" time="0.000" /><testcase classname="tests.test_synthesis" name="test_weak_boundary_false_when_e002_and_e001_with_caused" time="0.000" /><testcase classname="tests.test_synthesis" name="test_weak_boundary_false_when_e002_only_without_cause_keyword" time="0.000" /><testcase classname="tests.test_synthesis" name="test_weak_boundary_all_untrusted_evidence" time="0.000" /><testcase classname="tests.test_synthesis" name="test_weak_boundary_false_when_at_least_one_trusted" time="0.000" /><testcase classname="tests.test_synthesis" name="test_weak_boundary_multi_project_scope_incomplete_coverage" time="0.000" /><testcase classname="tests.test_synthesis" name="test_weak_boundary_false_when_multi_project_fully_covered" time="0.000" /><testcase classname="tests.test_synthesis" name="test_weak_boundary_empty_evidence_returns_false" time="0.000" /><testcase classname="tests.test_synthesis" name="test_validate_synthesis_draft_accepts_supported_paraphrases_with_arbitrary_ids" time="0.000" /><testcase classname="tests.test_synthesis" name="test_validate_synthesis_draft_excludes_untrusted_hostile_summary_from_supported_finding" time="0.000" /><testcase classname="tests.test_synthesis" name="test_validate_synthesis_draft_rejects_claim_copying_hostile_untrusted_text" time="0.000" /><testcase classname="tests.test_synthesis" name="test_validate_synthesis_draft_rejects_reduction_with_ascending_values" time="0.000" /><testcase classname="tests.test_synthesis" name="test_validate_synthesis_draft_rejects_increase_with_descending_values" time="0.000" /><testcase classname="tests.test_synthesis" name="test_validate_synthesis_draft_accepts_neutral_change_with_descending_values" time="0.000" /><testcase classname="tests.test_synthesis" name="test_validate_synthesis_draft_scopes_direction_words_to_their_sentence" time="0.000" /><testcase classname="tests.test_synthesis" name="test_validate_synthesis_draft_accepts_nonadjacent_correction_with_prior_relation[context_only]" time="0.000" /><testcase classname="tests.test_synthesis" name="test_validate_synthesis_draft_accepts_nonadjacent_correction_with_prior_relation[contradicts]" time="0.000" /><testcase classname="tests.test_synthesis" name="test_validate_synthesis_draft_rejects_supersedes_without_same_evidence_support" time="0.000" /><testcase classname="tests.test_synthesis" name="test_validate_synthesis_draft_rejects_supersedes_without_prior_context" time="0.000" /><testcase classname="tests.test_synthesis" name="test_validate_synthesis_draft_rejects_claim_id_out_of_order" time="0.000" /><testcase classname="tests.test_synthesis" name="test_validate_synthesis_draft_rejects_link_to_unknown_evidence" time="0.000" /><testcase classname="tests.test_synthesis" name="test_validate_synthesis_draft_rejects_untrusted_linked_as_supports" time="0.000" /><testcase classname="tests.test_synthesis" name="test_validate_synthesis_draft_rejects_trusted_linked_as_untrusted_data" time="0.000" /><testcase classname="tests.test_synthesis" name="test_validate_synthesis_draft_rejects_insufficient_support_token_overlap" time="0.000" /><testcase classname="tests.test_synthesis" name="test_validate_synthesis_draft_rejects_material_claim_without_support" time="0.000" /><testcase classname="tests.test_synthesis" name="test_validate_synthesis_draft_returns_none_when_weak_boundary_holds" time="0.000" /><testcase classname="tests.test_synthesis" name="test_synthesizer_ollama_chat_uses_bounded_scalar_output_contract" time="0.003" /><testcase classname="tests.test_synthesis" name="test_synthesizer_rejects_malformed_ollama_wire_response[two-claim-internal-shape]" time="0.001" /><testcase classname="tests.test_synthesis" name="test_synthesizer_rejects_malformed_ollama_wire_response[empty-links]" time="0.001" /><testcase classname="tests.test_synthesis" name="test_synthesizer_health_synthesis_503_fault_mode" time="0.001" /><testcase classname="tests.test_synthesis" name="test_synthesizer_health_synthesis_timeout_fault_mode" time="0.001" /><testcase classname="tests.test_synthesis" name="test_synthesizer_health_ready_when_model_available" time="0.001" /><testcase classname="tests.test_synthesis" name="test_synthesizer_health_offline_when_model_not_in_list" time="0.001" /><testcase classname="tests.test_synthesis" name="test_synthesizer_health_offline_on_timeout" time="0.001" /><testcase classname="tests.test_synthesis" name="test_synthesizer_health_offline_on_http_error" time="0.001" /></testsuite></testsuites>