<?xml version="1.0" encoding="utf-8"?><testsuites name="pytest tests"><testsuite name="pytest" errors="0" failures="0" skipped="0" tests="214" time="0.638" timestamp="2026-08-11T19:27:28.372148+09:00" hostname="MacBook-Pro-2.local"><testcase classname="tests.test_config" name="test_default_embedding_model_is_exact_paraphrase_multilingual_minilm" time="0.001" /><testcase classname="tests.test_config" name="test_default_embedding_model_is_384_dim_variant" time="0.001" /><testcase classname="tests.test_config" name="test_embedding_model_defaults_to_paraphrase_multilingual_when_env_absent" time="0.005" /><testcase classname="tests.test_config" name="test_embedding_model_env_override_is_respected" time="0.002" /><testcase classname="tests.test_config" name="test_embedding_model_blank_env_falls_back_to_default" time="0.001" /><testcase classname="tests.test_config" name="test_load_settings_minimal_env_succeeds" time="0.000" /><testcase classname="tests.test_config" name="test_load_settings_openai_compatible_style_succeeds" time="0.000" /><testcase classname="tests.test_config" name="test_load_settings_default_host_and_port" time="0.000" /><testcase classname="tests.test_config" name="test_load_settings_port_override" time="0.000" /><testcase classname="tests.test_config" name="test_missing_database_url_raises" time="0.000" /><testcase classname="tests.test_config" name="test_missing_synthesis_base_url_raises" time="0.001" /><testcase classname="tests.test_config" name="test_missing_synthesis_model_raises" time="0.001" /><testcase classname="tests.test_config" name="test_missing_build_id_raises" time="0.003" /><testcase classname="tests.test_config" name="test_missing_synthesis_api_style_raises" time="0.001" /><testcase classname="tests.test_config" name="test_invalid_port_non_integer_raises" time="0.000" /><testcase classname="tests.test_config" name="test_invalid_port_zero_raises" time="0.000" /><testcase classname="tests.test_config" name="test_invalid_port_above_65535_raises" time="0.003" /><testcase classname="tests.test_config" name="test_invalid_synthesis_api_style_raises" time="0.002" /><testcase classname="tests.test_config" name="test_invalid_synthesis_base_url_not_http_raises" time="0.002" /><testcase classname="tests.test_config" name="test_invalid_synthesis_base_url_relative_raises" time="0.002" /><testcase classname="tests.test_config" name="test_invalid_database_url_not_postgres_raises" time="0.002" /><testcase classname="tests.test_config" name="test_invalid_postgres_schema_with_spaces_raises" time="0.001" /><testcase classname="tests.test_config" name="test_invalid_postgres_table_with_hyphen_raises" time="0.001" /><testcase classname="tests.test_config" name="test_fixture_mode_one_enables_fixture_mode" time="0.002" /><testcase classname="tests.test_config" name="test_fixture_mode_zero_is_disabled" time="0.002" /><testcase classname="tests.test_config" name="test_invalid_fixture_mode_value_raises" time="0.002" /><testcase classname="tests.test_config" name="test_fault_mode_without_fixture_mode_raises" time="0.002" /><testcase classname="tests.test_config" name="test_all_fault_modes_valid_in_fixture_mode" time="0.001" /><testcase classname="tests.test_config" name="test_invalid_fault_mode_raises" time="0.001" /><testcase classname="tests.test_config" name="test_synthesis_api_key_none_when_not_set" time="0.002" /><testcase classname="tests.test_config" name="test_synthesis_api_key_none_when_blank" time="0.001" /><testcase classname="tests.test_config" name="test_synthesis_api_key_set_when_provided" time="0.001" /><testcase classname="tests.test_config" name="test_settings_is_frozen_immutable" time="0.002" /><testcase classname="tests.test_config" name="test_settings_qualified_table_uses_schema_and_table" time="0.001" /><testcase classname="tests.test_models" name="test_schema_version_literal" time="0.001" /><testcase classname="tests.test_models" name="test_outcome_values_are_exactly_six" time="0.001" /><testcase classname="tests.test_models" name="test_evidence_relation_includes_untrusted_data" time="0.001" /><testcase classname="tests.test_models" name="test_trust_class_values" time="0.000" /><testcase classname="tests.test_models" name="test_scope_normalizes_arrays_sorted_deduped" time="0.007" /><testcase classname="tests.test_models" name="test_scope_rejects_empty_string_in_arrays" time="0.001" /><testcase classname="tests.test_models" name="test_scope_rejects_time_to_before_time_from" time="0.001" /><testcase classname="tests.test_models" name="test_scope_accepts_equal_time_from_and_time_to" time="0.001" /><testcase classname="tests.test_models" name="test_scope_rejects_extra_fields" time="0.001" /><testcase classname="tests.test_models" name="test_no_change_delta_is_valid" time="0.001" /><testcase classname="tests.test_models" name="test_scope_delta_changed_true_when_entity_added" time="0.001" /><testcase classname="tests.test_models" name="test_scope_delta_rejects_changed_false_when_entity_added" time="0.000" /><testcase classname="tests.test_models" name="test_scope_delta_rejects_time_from_changed_flag_mismatch" time="0.000" /><testcase classname="tests.test_models" name="test_scope_delta_rejects_time_to_changed_flag_mismatch" time="0.000" /><testcase classname="tests.test_models" name="test_request_first_dispatch_parent_null_scope_delta_unchanged" time="0.001" /><testcase classname="tests.test_models" name="test_request_first_dispatch_rejects_changed_scope_delta" time="0.000" /><testcase classname="tests.test_models" name="test_request_rejects_parent_without_inherited_scope" time="0.001" /><testcase classname="tests.test_models" name="test_request_revision_scope_delta_must_match_inherited_scope" time="0.000" /><testcase classname="tests.test_models" name="test_request_revision_rejects_wrong_entity_delta" time="0.001" /><testcase classname="tests.test_models" name="test_request_rejects_query_text_shorter_than_three_code_points" time="0.000" /><testcase classname="tests.test_models" name="test_request_rejects_top_k_zero" time="0.000" /><testcase classname="tests.test_models" name="test_request_rejects_top_k_above_twenty" time="0.000" /><testcase classname="tests.test_models" name="test_request_rejects_identifiers_that_are_not_lowercase_uuid_v7[session_id-0198f4d0-0000-4000-8000-000000000001]" time="0.001" /><testcase classname="tests.test_models" name="test_request_rejects_identifiers_that_are_not_lowercase_uuid_v7[query_id-0198F4D0-0001-7000-8000-000000000001]" time="0.000" /><testcase classname="tests.test_models" name="test_request_rejects_identifiers_that_are_not_lowercase_uuid_v7[correlation_id-0198f4d0-1001-7000-7000-000000000001]" time="0.001" /><testcase classname="tests.test_models" name="test_evidence_score_equals_one_minus_distance" time="0.002" /><testcase classname="tests.test_models" name="test_evidence_rejects_excerpt_end_not_greater_than_start" time="0.001" /><testcase classname="tests.test_models" name="test_evidence_rank_must_be_positive" time="0.000" /><testcase classname="tests.test_models" name="test_evidence_normalizes_entity_ids" time="0.001" /><testcase classname="tests.test_models" name="test_evidence_carries_query_and_correlation_ids" time="0.000" /><testcase classname="tests.test_models" name="test_evidence_content_sha256_must_be_64_lowercase_hex" time="0.000" /><testcase classname="tests.test_models" name="test_finding_valid_single_claim_fully_supported" time="0.002" /><testcase classname="tests.test_models" name="test_finding_rejects_material_claim_count_mismatch" time="0.001" /><testcase classname="tests.test_models" name="test_finding_rejects_support_counts_summing_to_wrong_total" time="0.001" /><testcase classname="tests.test_models" name="test_finding_rejects_coverage_inconsistent_with_links" time="0.001" /><testcase classname="tests.test_models" name="test_finding_rejects_duplicate_claim_id" time="0.001" /><testcase classname="tests.test_models" name="test_finding_rejects_link_to_unknown_claim_id" time="0.000" /><testcase classname="tests.test_models" name="test_finding_two_claims_partial_support_has_coverage_half" time="0.000" /><testcase classname="tests.test_models" name="test_terminal_supported_validates" time="0.002" /><testcase classname="tests.test_models" name="test_terminal_no_hits_validates" time="0.000" /><testcase classname="tests.test_models" name="test_terminal_weak_support_validates" time="0.001" /><testcase classname="tests.test_models" name="test_terminal_stale_index_validates" time="0.001" /><testcase classname="tests.test_models" name="test_terminal_retrieval_unavailable_validates" time="0.000" /><testcase classname="tests.test_models" name="test_terminal_synthesis_unavailable_validates_with_evidence_preserved" time="0.000" /><testcase classname="tests.test_models" name="test_terminal_rejects_wrong_owner_for_supported" time="0.001" /><testcase classname="tests.test_models" name="test_terminal_rejects_finding_for_boundary_outcome" time="0.001" /><testcase classname="tests.test_models" name="test_terminal_rejects_evidence_for_retrieval_unavailable" time="0.001" /><testcase classname="tests.test_models" name="test_terminal_rejects_empty_evidence_for_weak_support" time="0.000" /><testcase classname="tests.test_models" name="test_terminal_rejects_link_to_evidence_outside_returned_set" time="0.000" /><testcase classname="tests.test_models" name="test_terminal_rejects_untrusted_evidence_linked_as_supports" time="0.000" /><testcase classname="tests.test_models" name="test_terminal_rejects_trusted_evidence_linked_as_untrusted_data" time="0.000" /><testcase classname="tests.test_models" name="test_terminal_rejects_evidence_hash_present_with_empty_evidence" time="0.000" /><testcase classname="tests.test_models" name="test_terminal_supported_rejects_coverage_less_than_one" time="0.001" /><testcase classname="tests.test_models" name="test_terminal_preserves_schema_version" time="0.003" /><testcase classname="tests.test_models" name="test_dispatch_accepted_frame_schema_and_frame_type" time="0.001" /><testcase classname="tests.test_models" name="test_stage_frame_retrieving" time="0.001" /><testcase classname="tests.test_models" name="test_evidence_snapshot_frame_requires_non_empty_evidence" time="0.000" /><testcase classname="tests.test_models" name="test_cancel_ack_run_status_is_cancelled" time="0.001" /><testcase classname="tests.test_models" name="test_cancel_ack_rejects_negative_preserved_count" time="0.000" /><testcase classname="tests.test_models" name="test_upstream_health_requires_build_id" time="0.000" /><testcase classname="tests.test_models" name="test_fixture_corpus_and_index_manifest_form_one_coherent_partition" time="0.008" /><testcase classname="tests.test_models" name="test_index_manifest_loads_from_file" time="0.001" /><testcase classname="tests.test_models" name="test_index_manifest_indexed_ids_are_e001_to_e009_minus_e007" time="0.000" /><testcase classname="tests.test_models" name="test_index_manifest_e007_intentionally_absent" time="0.001" /><testcase classname="tests.test_models" name="test_index_manifest_forbidden_values_contains_canary" time="0.000" /><testcase classname="tests.test_models" name="test_index_manifest_rejects_wrong_membership" time="0.001" /><testcase classname="tests.test_models" name="test_index_manifest_rejects_wrong_absent_list" time="0.001" /><testcase classname="tests.test_models" name="test_index_manifest_rejects_wrong_forbidden_values" time="0.000" /><testcase classname="tests.test_models" name="test_log_record_e001_is_trusted_and_included" time="0.000" /><testcase classname="tests.test_models" name="test_log_record_e007_must_be_excluded_freshness_fixture" time="0.000" /><testcase classname="tests.test_models" name="test_log_record_e007_valid_when_excluded" time="0.001" /><testcase classname="tests.test_models" name="test_log_record_non_e007_cannot_be_excluded" time="0.000" /><testcase classname="tests.test_models" name="test_log_record_e009_must_be_untrusted_data" time="0.000" /><testcase classname="tests.test_models" name="test_log_record_e009_valid_as_untrusted_data" time="0.000" /><testcase classname="tests.test_models" name="test_log_record_non_e009_cannot_be_untrusted_data" time="0.000" /><testcase classname="tests.test_models" name="test_log_record_source_id_must_equal_source_path" time="0.000" /><testcase classname="tests.test_models" name="test_fixture_query_manifest_loads_from_file" time="0.002" /><testcase classname="tests.test_models" name="test_fixture_query_manifest_rejects_wrong_case_order" time="0.001" /><testcase classname="tests.test_models" name="test_evidence_set_hash_returns_none_for_empty_list" time="0.000" /><testcase classname="tests.test_models" name="test_evidence_set_hash_is_deterministic" time="0.001" /><testcase classname="tests.test_models" name="test_evidence_set_hash_format_is_64_lowercase_hex" time="0.000" /><testcase classname="tests.test_models" name="test_evidence_set_hash_changes_when_evidence_changes" time="0.001" /><testcase classname="tests.test_models" name="test_evidence_set_hash_includes_all_evidence_ids" time="0.000" /><testcase classname="tests.test_models" name="test_content_sha256_is_lowercase_hex" time="0.000" /><testcase classname="tests.test_orchestrator" name="test_supported_path_frame_sequence_types" time="0.010" /><testcase classname="tests.test_orchestrator" name="test_supported_path_terminal_outcome" time="0.005" /><testcase classname="tests.test_orchestrator" name="test_supported_path_evidence_snapshot_hash_format" time="0.007" /><testcase classname="tests.test_orchestrator" name="test_query_id_continuity_through_all_frames" time="0.005" /><testcase classname="tests.test_orchestrator" name="test_schema_version_on_every_frame" time="0.005" /><testcase classname="tests.test_orchestrator" name="test_no_hits_when_retrieval_returns_empty_evidence" time="0.004" /><testcase classname="tests.test_orchestrator" name="test_no_hits_frame_sequence" time="0.004" /><testcase classname="tests.test_orchestrator" name="test_weak_support_when_boundary_fires" time="0.003" /><testcase classname="tests.test_orchestrator" name="test_weak_support_does_not_reach_synthesizer" time="0.008" /><testcase classname="tests.test_orchestrator" name="test_weak_support_from_null_synthesis_finding" time="0.005" /><testcase classname="tests.test_orchestrator" name="test_weak_support_all_untrusted_evidence" time="0.002" /><testcase classname="tests.test_orchestrator" name="test_stale_index_when_time_to_exceeds_coverage_through" time="0.004" /><testcase classname="tests.test_orchestrator" name="test_stale_index_does_not_reach_synthesizer" time="0.004" /><testcase classname="tests.test_orchestrator" name="test_retrieval_unavailable_when_no_retriever" time="0.002" /><testcase classname="tests.test_orchestrator" name="test_retrieval_unavailable_when_retriever_raises" time="0.003" /><testcase classname="tests.test_orchestrator" name="test_retrieval_unavailable_frame_sequence" time="0.002" /><testcase classname="tests.test_orchestrator" name="test_synthesis_unavailable_when_synthesizer_health_offline" time="0.001" /><testcase classname="tests.test_orchestrator" name="test_synthesis_unavailable_preserves_retrieved_evidence" time="0.002" /><testcase classname="tests.test_orchestrator" name="test_synthesis_unavailable_when_synthesizer_raises" time="0.002" /><testcase classname="tests.test_orchestrator" name="test_synthesis_unavailable_forwards_configured_model_metadata" time="0.002" /><testcase classname="tests.test_orchestrator" name="test_quantization_env_reaches_supported_terminal_metadata" time="0.009" /><testcase classname="tests.test_orchestrator" name="test_health_both_ready" time="0.002" /><testcase classname="tests.test_orchestrator" name="test_health_retrieval_offline_hides_index_fields" time="0.003" /><testcase classname="tests.test_orchestrator" name="test_health_synthesis_offline_hides_model_profile" time="0.002" /><testcase classname="tests.test_orchestrator" name="test_health_no_retriever_shows_offline" time="0.002" /><testcase classname="tests.test_orchestrator" name="test_health_build_id_from_settings" time="0.003" /><testcase classname="tests.test_orchestrator" name="test_cancel_acknowledges_unknown_query_id" time="0.005" /><testcase classname="tests.test_orchestrator" name="test_cancel_after_evidence_snapshot_preserves_evidence_and_ends_stream" time="0.006" /><testcase classname="tests.test_orchestrator" name="test_cancel_wrong_correlation_id_not_acknowledged" time="0.003" /><testcase classname="tests.test_orchestrator" name="test_dispatch_already_active_raised_for_duplicate_query_id" time="0.003" /><testcase classname="tests.test_orchestrator" name="test_coverage_not_stale_when_time_to_equals_coverage_through" time="0.009" /><testcase classname="tests.test_orchestrator" name="test_coverage_not_stale_when_time_to_none" time="0.008" /><testcase classname="tests.test_orchestrator" name="test_terminal_index_fields_come_from_manifest" time="0.012" /><testcase classname="tests.test_orchestrator" name="test_dispatch_accepted_frame_contains_scope" time="0.012" /><testcase classname="tests.test_orchestrator" name="test_weak_support_terminal_boundary_reason_code" time="0.003" /><testcase classname="tests.test_orchestrator" name="test_retrieval_unavailable_terminal_has_no_evidence_or_finding" time="0.002" /><testcase classname="tests.test_retrieval" name="test_incident_retraction_adjacency_noop_when_e006_already_after_e004" time="0.004" /><testcase classname="tests.test_retrieval" name="test_incident_retraction_adjacency_moves_e006_after_e004" time="0.001" /><testcase classname="tests.test_retrieval" name="test_incident_retraction_adjacency_passthrough_no_e004_or_e006" time="0.003" /><testcase classname="tests.test_retrieval" name="test_incident_retraction_adjacency_passthrough_e004_without_e006" time="0.001" /><testcase classname="tests.test_retrieval" name="test_incident_retraction_adjacency_passthrough_e006_without_e004" time="0.001" /><testcase classname="tests.test_retrieval" name="test_incident_retraction_adjacency_e006_two_positions_after_e004" time="0.001" /><testcase classname="tests.test_retrieval" name="test_incident_retraction_adjacency_empty_list" time="0.000" /><testcase classname="tests.test_retrieval" name="test_incident_retraction_adjacency_single_element" time="0.003" /><testcase classname="tests.test_retrieval" name="test_retriever_health_ready_when_snapshot_readable" time="0.001" /><testcase classname="tests.test_retrieval" name="test_retriever_health_offline_when_snapshot_not_readable" time="0.014" /><testcase classname="tests.test_retrieval" name="test_retriever_health_offline_on_postgres_error" time="0.004" /><testcase classname="tests.test_retrieval" name="test_retriever_health_offline_on_asyncio_timeout" time="0.015" /><testcase classname="tests.test_retrieval" name="test_retriever_health_offline_on_retrieval_503_fault" time="0.003" /><testcase classname="tests.test_retrieval" name="test_retriever_health_offline_on_retrieval_timeout_fault" time="0.005" /><testcase classname="tests.test_retrieval" name="test_retriever_retrieve_raises_retrieval_unavailable_on_503_fault" time="0.005" /><testcase classname="tests.test_retrieval" name="test_to_evidence_score_equals_one_minus_distance" time="0.007" /><testcase classname="tests.test_retrieval" name="test_to_evidence_rank_is_passed_through" time="0.002" /><testcase classname="tests.test_retrieval" name="test_to_evidence_forwards_query_and_correlation_ids" time="0.004" /><testcase classname="tests.test_retrieval" name="test_to_evidence_trust_class_trusted_log" time="0.002" /><testcase classname="tests.test_retrieval" name="test_to_evidence_trust_class_untrusted_data" time="0.001" /><testcase classname="tests.test_synthesis" name="test_support_tokens_filters_stopwords" time="0.000" /><testcase classname="tests.test_synthesis" name="test_support_tokens_keeps_content_words" time="0.000" /><testcase classname="tests.test_synthesis" name="test_support_tokens_keeps_digit_tokens" time="0.001" /><testcase classname="tests.test_synthesis" name="test_support_tokens_drops_short_non_digit_tokens" time="0.000" /><testcase classname="tests.test_synthesis" name="test_support_tokens_is_case_insensitive" time="0.000" /><testcase classname="tests.test_synthesis" name="test_support_tokens_empty_string_returns_empty_set" time="0.001" /><testcase classname="tests.test_synthesis" name="test_weak_boundary_e002_only_with_english_caused" time="0.001" /><testcase classname="tests.test_synthesis" name="test_weak_boundary_e002_only_with_english_cause" time="0.001" /><testcase classname="tests.test_synthesis" name="test_weak_boundary_e002_only_with_korean_cause_token" time="0.001" /><testcase classname="tests.test_synthesis" name="test_weak_boundary_false_when_e002_and_e001_with_caused" time="0.000" /><testcase classname="tests.test_synthesis" name="test_weak_boundary_false_when_e002_only_without_cause_keyword" time="0.001" /><testcase classname="tests.test_synthesis" name="test_weak_boundary_all_untrusted_evidence" time="0.001" /><testcase classname="tests.test_synthesis" name="test_weak_boundary_false_when_at_least_one_trusted" time="0.001" /><testcase classname="tests.test_synthesis" name="test_weak_boundary_multi_project_scope_incomplete_coverage" time="0.001" /><testcase classname="tests.test_synthesis" name="test_weak_boundary_false_when_multi_project_fully_covered" time="0.002" /><testcase classname="tests.test_synthesis" name="test_weak_boundary_empty_evidence_returns_false" time="0.000" /><testcase classname="tests.test_synthesis" name="test_validate_synthesis_draft_accepts_supported_paraphrases_with_arbitrary_ids" time="0.002" /><testcase classname="tests.test_synthesis" name="test_validate_synthesis_draft_rejects_reduction_with_ascending_values[summary]" time="0.052" /><testcase classname="tests.test_synthesis" name="test_validate_synthesis_draft_rejects_reduction_with_ascending_values[claim]" time="0.001" /><testcase classname="tests.test_synthesis" name="test_validate_synthesis_draft_rejects_increase_with_descending_values" time="0.001" /><testcase classname="tests.test_synthesis" name="test_validate_synthesis_draft_accepts_neutral_change_with_descending_values" time="0.001" /><testcase classname="tests.test_synthesis" name="test_validate_synthesis_draft_scopes_direction_words_to_their_sentence" time="0.001" /><testcase classname="tests.test_synthesis" name="test_validate_synthesis_draft_accepts_nonadjacent_correction_with_prior_relation[context_only]" time="0.001" /><testcase classname="tests.test_synthesis" name="test_validate_synthesis_draft_accepts_nonadjacent_correction_with_prior_relation[contradicts]" time="0.001" /><testcase classname="tests.test_synthesis" name="test_validate_synthesis_draft_rejects_supersedes_without_same_evidence_support" time="0.000" /><testcase classname="tests.test_synthesis" name="test_validate_synthesis_draft_rejects_supersedes_without_prior_context" time="0.001" /><testcase classname="tests.test_synthesis" name="test_validate_synthesis_draft_rejects_claim_id_out_of_order" time="0.001" /><testcase classname="tests.test_synthesis" name="test_validate_synthesis_draft_rejects_link_to_unknown_evidence" time="0.001" /><testcase classname="tests.test_synthesis" name="test_validate_synthesis_draft_rejects_untrusted_linked_as_supports" time="0.000" /><testcase classname="tests.test_synthesis" name="test_validate_synthesis_draft_rejects_trusted_linked_as_untrusted_data" time="0.000" /><testcase classname="tests.test_synthesis" name="test_validate_synthesis_draft_rejects_insufficient_support_token_overlap" time="0.000" /><testcase classname="tests.test_synthesis" name="test_validate_synthesis_draft_rejects_material_claim_without_support" time="0.001" /><testcase classname="tests.test_synthesis" name="test_validate_synthesis_draft_returns_none_when_weak_boundary_holds" time="0.001" /><testcase classname="tests.test_synthesis" name="test_synthesizer_ollama_chat_uses_generic_structured_output_contract" time="0.021" /><testcase classname="tests.test_synthesis" name="test_synthesizer_health_synthesis_503_fault_mode" time="0.004" /><testcase classname="tests.test_synthesis" name="test_synthesizer_health_synthesis_timeout_fault_mode" time="0.002" /><testcase classname="tests.test_synthesis" name="test_synthesizer_health_ready_when_model_available" time="0.006" /><testcase classname="tests.test_synthesis" name="test_synthesizer_health_offline_when_model_not_in_list" time="0.004" /><testcase classname="tests.test_synthesis" name="test_synthesizer_health_offline_on_timeout" time="0.003" /><testcase classname="tests.test_synthesis" name="test_synthesizer_health_offline_on_http_error" time="0.003" /></testsuite></testsuites>